=/pretest.json
{
  _: [],
  f: [
    '/home/runner/work/exp-introduction-to-the-vr-system-framework-and-development-tools-iitk/exp-introduction-to-the-vr-system-framework-and-development-tools-iitk/experiment/pretest.json'
  ],
  files: [
    '/home/runner/work/exp-introduction-to-the-vr-system-framework-and-development-tools-iitk/exp-introduction-to-the-vr-system-framework-and-development-tools-iitk/experiment/pretest.json'
  ],
  c: 'assessment',
  contentTypes: 'assessment',
  'content-types': 'assessment',
  '$0': 'validate'
}
Validated true
=/posttest.json
{
  _: [],
  f: [
    '/home/runner/work/exp-introduction-to-the-vr-system-framework-and-development-tools-iitk/exp-introduction-to-the-vr-system-framework-and-development-tools-iitk/experiment/posttest.json'
  ],
  files: [
    '/home/runner/work/exp-introduction-to-the-vr-system-framework-and-development-tools-iitk/exp-introduction-to-the-vr-system-framework-and-development-tools-iitk/experiment/posttest.json'
  ],
  c: 'assessment',
  contentTypes: 'assessment',
  'content-types': 'assessment',
  '$0': 'validate'
}
Validated true
